<?xml version="1.0" encoding="UTF-8"?>
<testng-results skipped="0" failed="0" ignored="1" total="5" passed="4">
  <reporter-output>
  </reporter-output>
  <suite name="Suite" duration-ms="1671824" started-at="2022-11-05T00:24:29 GMT+08:00" finished-at="2022-11-05T00:52:21 GMT+08:00">
    <groups>
    </groups>
    <test name="Test" duration-ms="1671824" started-at="2022-11-05T00:24:29 GMT+08:00" finished-at="2022-11-05T00:52:21 GMT+08:00">
      <class name="tests.ProfileManagement_MyAccount">
        <test-method status="PASS" signature="beforeTest(java.lang.String)[pri:0, instance:tests.ProfileManagement_MyAccount@1563da5]" name="beforeTest" is-config="true" duration-ms="43418" started-at="2022-11-05T00:24:29 GMT+08:00" finished-at="2022-11-05T00:25:13 GMT+08:00">
          <params>
            <param index="0">
              <value>
                <![CDATA[Digital.ai_Samsung Galaxy S20 Ultra 5G I]]>
              </value>
            </param>
          </params>
          <reporter-output>
          </reporter-output>
        </test-method> <!-- beforeTest -->
        <test-method status="PASS" signature="Prereq1_SignIn(java.util.HashMap)[pri:1, instance:tests.ProfileManagement_MyAccount@1563da5]" name="Prereq1_SignIn" duration-ms="64145" started-at="2022-11-05T00:25:13 GMT+08:00" data-provider="localDataSheet" finished-at="2022-11-05T00:26:18 GMT+08:00">
          <params>
            <param index="0">
              <value>
                <![CDATA[{New Last Name_Invalid=Last Name_Invalid, New First Name=First Name SLXAAAS, New First Name_Invalid=First Name_Invalid, New Last Name=Last Name LRNDMO}]]>
              </value>
            </param>
          </params>
          <reporter-output>
          </reporter-output>
        </test-method> <!-- Prereq1_SignIn -->
        <test-method status="PASS" signature="EditProfile_EditUsingInvalidFirstNameAndLastName(java.util.HashMap)[pri:2, instance:tests.ProfileManagement_MyAccount@1563da5]" name="EditProfile_EditUsingInvalidFirstNameAndLastName" duration-ms="753002" started-at="2022-11-05T00:26:18 GMT+08:00" data-provider="localDataSheet" finished-at="2022-11-05T00:38:51 GMT+08:00">
          <params>
            <param index="0">
              <value>
                <![CDATA[{New Last Name_Invalid=Last Name_Invalid, New First Name=First Name ZLWSLDB, New First Name_Invalid=First Name_Invalid, New Last Name=Last Name FDDDZT}]]>
              </value>
            </param>
          </params>
          <reporter-output>
          </reporter-output>
        </test-method> <!-- EditProfile_EditUsingInvalidFirstNameAndLastName -->
        <test-method status="PASS" signature="EditProfile_VerifyPopUpModal_BirthdayAndMobileNumber(java.util.HashMap)[pri:3, instance:tests.ProfileManagement_MyAccount@1563da5]" name="EditProfile_VerifyPopUpModal_BirthdayAndMobileNumber" duration-ms="68752" started-at="2022-11-05T00:38:51 GMT+08:00" data-provider="localDataSheet" finished-at="2022-11-05T00:39:59 GMT+08:00">
          <params>
            <param index="0">
              <value>
                <![CDATA[{New Last Name_Invalid=Last Name_Invalid, New First Name=First Name NUZJRRM, New First Name_Invalid=First Name_Invalid, New Last Name=Last Name KGQGRC}]]>
              </value>
            </param>
          </params>
          <reporter-output>
          </reporter-output>
        </test-method> <!-- EditProfile_VerifyPopUpModal_BirthdayAndMobileNumber -->
        <test-method status="PASS" signature="EditProfile_EditUsingValidFirstNameAndLastName(java.util.HashMap)[pri:4, instance:tests.ProfileManagement_MyAccount@1563da5]" name="EditProfile_EditUsingValidFirstNameAndLastName" duration-ms="721079" started-at="2022-11-05T00:40:00 GMT+08:00" data-provider="localDataSheet" finished-at="2022-11-05T00:52:01 GMT+08:00">
          <params>
            <param index="0">
              <value>
                <![CDATA[{New Last Name_Invalid=Last Name_Invalid, New First Name=First Name FKRBKYU, New First Name_Invalid=First Name_Invalid, New Last Name=Last Name CLDIXT}]]>
              </value>
            </param>
          </params>
          <reporter-output>
          </reporter-output>
        </test-method> <!-- EditProfile_EditUsingValidFirstNameAndLastName -->
        <test-method status="PASS" signature="quit()[pri:0, instance:tests.ProfileManagement_MyAccount@1563da5]" name="quit" is-config="true" duration-ms="20298" started-at="2022-11-05T00:52:01 GMT+08:00" finished-at="2022-11-05T00:52:21 GMT+08:00">
          <reporter-output>
          </reporter-output>
        </test-method> <!-- quit -->
      </class> <!-- tests.ProfileManagement_MyAccount -->
    </test> <!-- Test -->
  </suite> <!-- Suite -->
</testng-results>
