<?xml version="1.0" encoding="UTF-8"?>
<!-- Generated by org.testng.reporters.JUnitXMLReporter -->
<testsuite hostname="CHEV-0164LHL-LX" ignored="0" name="Test" tests="3" failures="0" timestamp="2022-10-27T14:01:01 GMT+08:00" time="90.288" errors="0">
  <testcase name="Prereq_clickAllow" time="11.68" classname="tests.OnBoarding_LandingPage"/>
  <testcase name="TS1_CountrySelector" time="29.755" classname="tests.OnBoarding_LandingPage"/>
  <testcase name="TS2_ChangeLanguage" time="16.925" classname="tests.OnBoarding_LandingPage"/>
</testsuite> <!-- Test -->
